mod_value: 1.0, TT: 0, h: 1.0, FP: 398, FN: 1371, FPR: 0.22111111111111112, FNR: 0.7616666666666667
mod_value: 1.0, TT: 0, h: 1.5, FP: 144, FN: 1607, FPR: 0.08, FNR: 0.8927777777777778
mod_value: 1.0, TT: 0, h: 2.0, FP: 96, FN: 1670, FPR: 0.05333333333333334, FNR: 0.9277777777777778
mod_value: 1.0, TT: 0, h: 2.5, FP: 59, FN: 1715, FPR: 0.03277777777777778, FNR: 0.9527777777777777
mod_value: 1.0, TT: 0, h: 3.0, FP: 47, FN: 1739, FPR: 0.026111111111111113, FNR: 0.9661111111111111
mod_value: 1.0, TT: 0, h: 3.5, FP: 30, FN: 1757, FPR: 0.016666666666666666, FNR: 0.9761111111111112
mod_value: 1.0, TT: 0, h: 4.0, FP: 21, FN: 1771, FPR: 0.011666666666666667, FNR: 0.9838888888888889
mod_value: 1.0, TT: 0, h: 4.5, FP: 18, FN: 1773, FPR: 0.01, FNR: 0.985
mod_value: 1.0, TT: 0, h: 5.0, FP: 16, FN: 1778, FPR: 0.008888888888888889, FNR: 0.9877777777777778
mod_value: 1.0, TT: 0, h: 5.5, FP: 12, FN: 1785, FPR: 0.006666666666666667, FNR: 0.9916666666666667
mod_value: 1.0, TT: 0, h: 6.0, FP: 10, FN: 1790, FPR: 0.005555555555555556, FNR: 0.9944444444444445
mod_value: 1.0, TT: 0, h: 6.5, FP: 8, FN: 1794, FPR: 0.0044444444444444444, FNR: 0.9966666666666667
mod_value: 1.0, TT: 0, h: 7.0, FP: 4, FN: 1799, FPR: 0.0022222222222222222, FNR: 0.9994444444444445
mod_value: 1.0, TT: 0, h: 7.5, FP: 3, FN: 1799, FPR: 0.0016666666666666668, FNR: 0.9994444444444445
mod_value: 1.0, TT: 0, h: 8.0, FP: 1, FN: 1799, FPR: 0.0005555555555555556, FNR: 0.9994444444444445


mod_value: 1.1, TT: 0, h: 1.0, FP: 398, FN: 904, FPR: 0.22111111111111112, FNR: 0.5022222222222222
mod_value: 1.1, TT: 0, h: 1.5, FP: 144, FN: 1205, FPR: 0.08, FNR: 0.6694444444444444
mod_value: 1.1, TT: 0, h: 2.0, FP: 96, FN: 1367, FPR: 0.05333333333333334, FNR: 0.7594444444444445
mod_value: 1.1, TT: 0, h: 2.5, FP: 59, FN: 1475, FPR: 0.03277777777777778, FNR: 0.8194444444444444
mod_value: 1.1, TT: 0, h: 3.0, FP: 47, FN: 1565, FPR: 0.026111111111111113, FNR: 0.8694444444444445
mod_value: 1.1, TT: 0, h: 3.5, FP: 30, FN: 1618, FPR: 0.016666666666666666, FNR: 0.8988888888888888
mod_value: 1.1, TT: 0, h: 4.0, FP: 21, FN: 1670, FPR: 0.011666666666666667, FNR: 0.9277777777777778
mod_value: 1.1, TT: 0, h: 4.5, FP: 18, FN: 1694, FPR: 0.01, FNR: 0.9411111111111111
mod_value: 1.1, TT: 0, h: 5.0, FP: 16, FN: 1709, FPR: 0.008888888888888889, FNR: 0.9494444444444444
mod_value: 1.1, TT: 0, h: 5.5, FP: 12, FN: 1722, FPR: 0.006666666666666667, FNR: 0.9566666666666667
mod_value: 1.1, TT: 0, h: 6.0, FP: 10, FN: 1742, FPR: 0.005555555555555556, FNR: 0.9677777777777777
mod_value: 1.1, TT: 0, h: 6.5, FP: 8, FN: 1753, FPR: 0.0044444444444444444, FNR: 0.9738888888888889
mod_value: 1.1, TT: 0, h: 7.0, FP: 4, FN: 1768, FPR: 0.0022222222222222222, FNR: 0.9822222222222222
mod_value: 1.1, TT: 0, h: 7.5, FP: 3, FN: 1774, FPR: 0.0016666666666666668, FNR: 0.9855555555555555
mod_value: 1.1, TT: 0, h: 8.0, FP: 1, FN: 1779, FPR: 0.0005555555555555556, FNR: 0.9883333333333333


mod_value: 1.2, TT: 0, h: 1.0, FP: 398, FN: 180, FPR: 0.22111111111111112, FNR: 0.1
mod_value: 1.2, TT: 0, h: 1.5, FP: 144, FN: 325, FPR: 0.08, FNR: 0.18055555555555555
mod_value: 1.2, TT: 0, h: 2.0, FP: 96, FN: 531, FPR: 0.05333333333333334, FNR: 0.295
mod_value: 1.2, TT: 0, h: 2.5, FP: 59, FN: 777, FPR: 0.03277777777777778, FNR: 0.43166666666666664
mod_value: 1.2, TT: 0, h: 3.0, FP: 47, FN: 1020, FPR: 0.026111111111111113, FNR: 0.5666666666666667
mod_value: 1.2, TT: 0, h: 3.5, FP: 30, FN: 1198, FPR: 0.016666666666666666, FNR: 0.6655555555555556
mod_value: 1.2, TT: 0, h: 4.0, FP: 21, FN: 1328, FPR: 0.011666666666666667, FNR: 0.7377777777777778
mod_value: 1.2, TT: 0, h: 4.5, FP: 18, FN: 1430, FPR: 0.01, FNR: 0.7944444444444444
mod_value: 1.2, TT: 0, h: 5.0, FP: 16, FN: 1497, FPR: 0.008888888888888889, FNR: 0.8316666666666667
mod_value: 1.2, TT: 0, h: 5.5, FP: 12, FN: 1544, FPR: 0.006666666666666667, FNR: 0.8577777777777778
mod_value: 1.2, TT: 0, h: 6.0, FP: 10, FN: 1590, FPR: 0.005555555555555556, FNR: 0.8833333333333333
mod_value: 1.2, TT: 0, h: 6.5, FP: 8, FN: 1627, FPR: 0.0044444444444444444, FNR: 0.9038888888888889
mod_value: 1.2, TT: 0, h: 7.0, FP: 4, FN: 1657, FPR: 0.0022222222222222222, FNR: 0.9205555555555556
mod_value: 1.2, TT: 0, h: 7.5, FP: 3, FN: 1675, FPR: 0.0016666666666666668, FNR: 0.9305555555555556
mod_value: 1.2, TT: 0, h: 8.0, FP: 1, FN: 1687, FPR: 0.0005555555555555556, FNR: 0.9372222222222222


mod_value: 1.3, TT: 0, h: 1.0, FP: 398, FN: 15, FPR: 0.22111111111111112, FNR: 0.008333333333333333
mod_value: 1.3, TT: 0, h: 1.5, FP: 144, FN: 29, FPR: 0.08, FNR: 0.01611111111111111
mod_value: 1.3, TT: 0, h: 2.0, FP: 96, FN: 72, FPR: 0.05333333333333334, FNR: 0.04
mod_value: 1.3, TT: 0, h: 2.5, FP: 59, FN: 133, FPR: 0.03277777777777778, FNR: 0.07388888888888889
mod_value: 1.3, TT: 0, h: 3.0, FP: 47, FN: 252, FPR: 0.026111111111111113, FNR: 0.14
mod_value: 1.3, TT: 0, h: 3.5, FP: 30, FN: 440, FPR: 0.016666666666666666, FNR: 0.24444444444444444
mod_value: 1.3, TT: 0, h: 4.0, FP: 21, FN: 657, FPR: 0.011666666666666667, FNR: 0.365
mod_value: 1.3, TT: 0, h: 4.5, FP: 18, FN: 857, FPR: 0.01, FNR: 0.4761111111111111
mod_value: 1.3, TT: 0, h: 5.0, FP: 16, FN: 1074, FPR: 0.008888888888888889, FNR: 0.5966666666666667
mod_value: 1.3, TT: 0, h: 5.5, FP: 12, FN: 1202, FPR: 0.006666666666666667, FNR: 0.6677777777777778
mod_value: 1.3, TT: 0, h: 6.0, FP: 10, FN: 1305, FPR: 0.005555555555555556, FNR: 0.725
mod_value: 1.3, TT: 0, h: 6.5, FP: 8, FN: 1394, FPR: 0.0044444444444444444, FNR: 0.7744444444444445
mod_value: 1.3, TT: 0, h: 7.0, FP: 4, FN: 1453, FPR: 0.0022222222222222222, FNR: 0.8072222222222222
mod_value: 1.3, TT: 0, h: 7.5, FP: 3, FN: 1488, FPR: 0.0016666666666666668, FNR: 0.8266666666666667
mod_value: 1.3, TT: 0, h: 8.0, FP: 1, FN: 1523, FPR: 0.0005555555555555556, FNR: 0.8461111111111111


mod_value: 1.4, TT: 0, h: 1.0, FP: 398, FN: 0, FPR: 0.22111111111111112, FNR: 0.0
mod_value: 1.4, TT: 0, h: 1.5, FP: 144, FN: 1, FPR: 0.08, FNR: 0.0005555555555555556
mod_value: 1.4, TT: 0, h: 2.0, FP: 96, FN: 5, FPR: 0.05333333333333334, FNR: 0.002777777777777778
mod_value: 1.4, TT: 0, h: 2.5, FP: 59, FN: 11, FPR: 0.03277777777777778, FNR: 0.006111111111111111
mod_value: 1.4, TT: 0, h: 3.0, FP: 47, FN: 19, FPR: 0.026111111111111113, FNR: 0.010555555555555556
mod_value: 1.4, TT: 0, h: 3.5, FP: 30, FN: 47, FPR: 0.016666666666666666, FNR: 0.026111111111111113
mod_value: 1.4, TT: 0, h: 4.0, FP: 21, FN: 107, FPR: 0.011666666666666667, FNR: 0.059444444444444446
mod_value: 1.4, TT: 0, h: 4.5, FP: 18, FN: 214, FPR: 0.01, FNR: 0.11888888888888889
mod_value: 1.4, TT: 0, h: 5.0, FP: 16, FN: 358, FPR: 0.008888888888888889, FNR: 0.1988888888888889
mod_value: 1.4, TT: 0, h: 5.5, FP: 12, FN: 542, FPR: 0.006666666666666667, FNR: 0.3011111111111111
mod_value: 1.4, TT: 0, h: 6.0, FP: 10, FN: 749, FPR: 0.005555555555555556, FNR: 0.4161111111111111
mod_value: 1.4, TT: 0, h: 6.5, FP: 8, FN: 929, FPR: 0.0044444444444444444, FNR: 0.5161111111111111
mod_value: 1.4, TT: 0, h: 7.0, FP: 4, FN: 1087, FPR: 0.0022222222222222222, FNR: 0.6038888888888889
mod_value: 1.4, TT: 0, h: 7.5, FP: 3, FN: 1198, FPR: 0.0016666666666666668, FNR: 0.6655555555555556
mod_value: 1.4, TT: 0, h: 8.0, FP: 1, FN: 1284, FPR: 0.0005555555555555556, FNR: 0.7133333333333334


mod_value: 1.5, TT: 0, h: 1.0, FP: 398, FN: 0, FPR: 0.22111111111111112, FNR: 0.0
mod_value: 1.5, TT: 0, h: 1.5, FP: 144, FN: 0, FPR: 0.08, FNR: 0.0
mod_value: 1.5, TT: 0, h: 2.0, FP: 96, FN: 0, FPR: 0.05333333333333334, FNR: 0.0
mod_value: 1.5, TT: 0, h: 2.5, FP: 59, FN: 0, FPR: 0.03277777777777778, FNR: 0.0
mod_value: 1.5, TT: 0, h: 3.0, FP: 47, FN: 1, FPR: 0.026111111111111113, FNR: 0.0005555555555555556
mod_value: 1.5, TT: 0, h: 3.5, FP: 30, FN: 3, FPR: 0.016666666666666666, FNR: 0.0016666666666666668
mod_value: 1.5, TT: 0, h: 4.0, FP: 21, FN: 7, FPR: 0.011666666666666667, FNR: 0.0038888888888888888
mod_value: 1.5, TT: 0, h: 4.5, FP: 18, FN: 17, FPR: 0.01, FNR: 0.009444444444444445
mod_value: 1.5, TT: 0, h: 5.0, FP: 16, FN: 40, FPR: 0.008888888888888889, FNR: 0.022222222222222223
mod_value: 1.5, TT: 0, h: 5.5, FP: 12, FN: 88, FPR: 0.006666666666666667, FNR: 0.04888888888888889
mod_value: 1.5, TT: 0, h: 6.0, FP: 10, FN: 173, FPR: 0.005555555555555556, FNR: 0.0961111111111111
mod_value: 1.5, TT: 0, h: 6.5, FP: 8, FN: 271, FPR: 0.0044444444444444444, FNR: 0.15055555555555555
mod_value: 1.5, TT: 0, h: 7.0, FP: 4, FN: 444, FPR: 0.0022222222222222222, FNR: 0.24666666666666667
mod_value: 1.5, TT: 0, h: 7.5, FP: 3, FN: 615, FPR: 0.0016666666666666668, FNR: 0.3416666666666667
mod_value: 1.5, TT: 0, h: 8.0, FP: 1, FN: 807, FPR: 0.0005555555555555556, FNR: 0.4483333333333333


mod_value: 1.6, TT: 0, h: 1.0, FP: 398, FN: 0, FPR: 0.22111111111111112, FNR: 0.0
mod_value: 1.6, TT: 0, h: 1.5, FP: 144, FN: 0, FPR: 0.08, FNR: 0.0
mod_value: 1.6, TT: 0, h: 2.0, FP: 96, FN: 0, FPR: 0.05333333333333334, FNR: 0.0
mod_value: 1.6, TT: 0, h: 2.5, FP: 59, FN: 0, FPR: 0.03277777777777778, FNR: 0.0
mod_value: 1.6, TT: 0, h: 3.0, FP: 47, FN: 0, FPR: 0.026111111111111113, FNR: 0.0
mod_value: 1.6, TT: 0, h: 3.5, FP: 30, FN: 0, FPR: 0.016666666666666666, FNR: 0.0
mod_value: 1.6, TT: 0, h: 4.0, FP: 21, FN: 0, FPR: 0.011666666666666667, FNR: 0.0
mod_value: 1.6, TT: 0, h: 4.5, FP: 18, FN: 1, FPR: 0.01, FNR: 0.0005555555555555556
mod_value: 1.6, TT: 0, h: 5.0, FP: 16, FN: 3, FPR: 0.008888888888888889, FNR: 0.0016666666666666668
mod_value: 1.6, TT: 0, h: 5.5, FP: 12, FN: 6, FPR: 0.006666666666666667, FNR: 0.0033333333333333335
mod_value: 1.6, TT: 0, h: 6.0, FP: 10, FN: 17, FPR: 0.005555555555555556, FNR: 0.009444444444444445
mod_value: 1.6, TT: 0, h: 6.5, FP: 8, FN: 40, FPR: 0.0044444444444444444, FNR: 0.022222222222222223
mod_value: 1.6, TT: 0, h: 7.0, FP: 4, FN: 80, FPR: 0.0022222222222222222, FNR: 0.044444444444444446
mod_value: 1.6, TT: 0, h: 7.5, FP: 3, FN: 159, FPR: 0.0016666666666666668, FNR: 0.08833333333333333
mod_value: 1.6, TT: 0, h: 8.0, FP: 1, FN: 245, FPR: 0.0005555555555555556, FNR: 0.1361111111111111


mod_value: 1.7, TT: 0, h: 1.0, FP: 398, FN: 0, FPR: 0.22111111111111112, FNR: 0.0
mod_value: 1.7, TT: 0, h: 1.5, FP: 144, FN: 0, FPR: 0.08, FNR: 0.0
mod_value: 1.7, TT: 0, h: 2.0, FP: 96, FN: 0, FPR: 0.05333333333333334, FNR: 0.0
mod_value: 1.7, TT: 0, h: 2.5, FP: 59, FN: 0, FPR: 0.03277777777777778, FNR: 0.0
mod_value: 1.7, TT: 0, h: 3.0, FP: 47, FN: 0, FPR: 0.026111111111111113, FNR: 0.0
mod_value: 1.7, TT: 0, h: 3.5, FP: 30, FN: 0, FPR: 0.016666666666666666, FNR: 0.0
mod_value: 1.7, TT: 0, h: 4.0, FP: 21, FN: 0, FPR: 0.011666666666666667, FNR: 0.0
mod_value: 1.7, TT: 0, h: 4.5, FP: 18, FN: 0, FPR: 0.01, FNR: 0.0
mod_value: 1.7, TT: 0, h: 5.0, FP: 16, FN: 0, FPR: 0.008888888888888889, FNR: 0.0
mod_value: 1.7, TT: 0, h: 5.5, FP: 12, FN: 0, FPR: 0.006666666666666667, FNR: 0.0
mod_value: 1.7, TT: 0, h: 6.0, FP: 10, FN: 1, FPR: 0.005555555555555556, FNR: 0.0005555555555555556
mod_value: 1.7, TT: 0, h: 6.5, FP: 8, FN: 3, FPR: 0.0044444444444444444, FNR: 0.0016666666666666668
mod_value: 1.7, TT: 0, h: 7.0, FP: 4, FN: 6, FPR: 0.0022222222222222222, FNR: 0.0033333333333333335
mod_value: 1.7, TT: 0, h: 7.5, FP: 3, FN: 16, FPR: 0.0016666666666666668, FNR: 0.008888888888888889
mod_value: 1.7, TT: 0, h: 8.0, FP: 1, FN: 35, FPR: 0.0005555555555555556, FNR: 0.019444444444444445


mod_value: 1.8, TT: 0, h: 1.0, FP: 398, FN: 0, FPR: 0.22111111111111112, FNR: 0.0
mod_value: 1.8, TT: 0, h: 1.5, FP: 144, FN: 0, FPR: 0.08, FNR: 0.0
mod_value: 1.8, TT: 0, h: 2.0, FP: 96, FN: 0, FPR: 0.05333333333333334, FNR: 0.0
mod_value: 1.8, TT: 0, h: 2.5, FP: 59, FN: 0, FPR: 0.03277777777777778, FNR: 0.0
mod_value: 1.8, TT: 0, h: 3.0, FP: 47, FN: 0, FPR: 0.026111111111111113, FNR: 0.0
mod_value: 1.8, TT: 0, h: 3.5, FP: 30, FN: 0, FPR: 0.016666666666666666, FNR: 0.0
mod_value: 1.8, TT: 0, h: 4.0, FP: 21, FN: 0, FPR: 0.011666666666666667, FNR: 0.0
mod_value: 1.8, TT: 0, h: 4.5, FP: 18, FN: 0, FPR: 0.01, FNR: 0.0
mod_value: 1.8, TT: 0, h: 5.0, FP: 16, FN: 0, FPR: 0.008888888888888889, FNR: 0.0
mod_value: 1.8, TT: 0, h: 5.5, FP: 12, FN: 0, FPR: 0.006666666666666667, FNR: 0.0
mod_value: 1.8, TT: 0, h: 6.0, FP: 10, FN: 0, FPR: 0.005555555555555556, FNR: 0.0
mod_value: 1.8, TT: 0, h: 6.5, FP: 8, FN: 0, FPR: 0.0044444444444444444, FNR: 0.0
mod_value: 1.8, TT: 0, h: 7.0, FP: 4, FN: 0, FPR: 0.0022222222222222222, FNR: 0.0
mod_value: 1.8, TT: 0, h: 7.5, FP: 3, FN: 3, FPR: 0.0016666666666666668, FNR: 0.0016666666666666668
mod_value: 1.8, TT: 0, h: 8.0, FP: 1, FN: 3, FPR: 0.0005555555555555556, FNR: 0.0016666666666666668


mod_value: 1.9, TT: 0, h: 1.0, FP: 398, FN: 0, FPR: 0.22111111111111112, FNR: 0.0
mod_value: 1.9, TT: 0, h: 1.5, FP: 144, FN: 0, FPR: 0.08, FNR: 0.0
mod_value: 1.9, TT: 0, h: 2.0, FP: 96, FN: 0, FPR: 0.05333333333333334, FNR: 0.0
mod_value: 1.9, TT: 0, h: 2.5, FP: 59, FN: 0, FPR: 0.03277777777777778, FNR: 0.0
mod_value: 1.9, TT: 0, h: 3.0, FP: 47, FN: 0, FPR: 0.026111111111111113, FNR: 0.0
mod_value: 1.9, TT: 0, h: 3.5, FP: 30, FN: 0, FPR: 0.016666666666666666, FNR: 0.0
mod_value: 1.9, TT: 0, h: 4.0, FP: 21, FN: 0, FPR: 0.011666666666666667, FNR: 0.0
mod_value: 1.9, TT: 0, h: 4.5, FP: 18, FN: 0, FPR: 0.01, FNR: 0.0
mod_value: 1.9, TT: 0, h: 5.0, FP: 16, FN: 0, FPR: 0.008888888888888889, FNR: 0.0
mod_value: 1.9, TT: 0, h: 5.5, FP: 12, FN: 0, FPR: 0.006666666666666667, FNR: 0.0
mod_value: 1.9, TT: 0, h: 6.0, FP: 10, FN: 0, FPR: 0.005555555555555556, FNR: 0.0
mod_value: 1.9, TT: 0, h: 6.5, FP: 8, FN: 0, FPR: 0.0044444444444444444, FNR: 0.0
mod_value: 1.9, TT: 0, h: 7.0, FP: 4, FN: 0, FPR: 0.0022222222222222222, FNR: 0.0
mod_value: 1.9, TT: 0, h: 7.5, FP: 3, FN: 0, FPR: 0.0016666666666666668, FNR: 0.0
mod_value: 1.9, TT: 0, h: 8.0, FP: 1, FN: 0, FPR: 0.0005555555555555556, FNR: 0.0


mod_value: 2.0, TT: 0, h: 1.0, FP: 398, FN: 0, FPR: 0.22111111111111112, FNR: 0.0
mod_value: 2.0, TT: 0, h: 1.5, FP: 144, FN: 0, FPR: 0.08, FNR: 0.0
mod_value: 2.0, TT: 0, h: 2.0, FP: 96, FN: 0, FPR: 0.05333333333333334, FNR: 0.0
mod_value: 2.0, TT: 0, h: 2.5, FP: 59, FN: 0, FPR: 0.03277777777777778, FNR: 0.0
mod_value: 2.0, TT: 0, h: 3.0, FP: 47, FN: 0, FPR: 0.026111111111111113, FNR: 0.0
mod_value: 2.0, TT: 0, h: 3.5, FP: 30, FN: 0, FPR: 0.016666666666666666, FNR: 0.0
mod_value: 2.0, TT: 0, h: 4.0, FP: 21, FN: 0, FPR: 0.011666666666666667, FNR: 0.0
mod_value: 2.0, TT: 0, h: 4.5, FP: 18, FN: 0, FPR: 0.01, FNR: 0.0
mod_value: 2.0, TT: 0, h: 5.0, FP: 16, FN: 0, FPR: 0.008888888888888889, FNR: 0.0
mod_value: 2.0, TT: 0, h: 5.5, FP: 12, FN: 0, FPR: 0.006666666666666667, FNR: 0.0
mod_value: 2.0, TT: 0, h: 6.0, FP: 10, FN: 0, FPR: 0.005555555555555556, FNR: 0.0
mod_value: 2.0, TT: 0, h: 6.5, FP: 8, FN: 0, FPR: 0.0044444444444444444, FNR: 0.0
mod_value: 2.0, TT: 0, h: 7.0, FP: 4, FN: 0, FPR: 0.0022222222222222222, FNR: 0.0
mod_value: 2.0, TT: 0, h: 7.5, FP: 3, FN: 0, FPR: 0.0016666666666666668, FNR: 0.0
mod_value: 2.0, TT: 0, h: 8.0, FP: 1, FN: 0, FPR: 0.0005555555555555556, FNR: 0.0


mod_value: 2.1, TT: 0, h: 1.0, FP: 398, FN: 0, FPR: 0.22111111111111112, FNR: 0.0
mod_value: 2.1, TT: 0, h: 1.5, FP: 144, FN: 0, FPR: 0.08, FNR: 0.0
mod_value: 2.1, TT: 0, h: 2.0, FP: 96, FN: 0, FPR: 0.05333333333333334, FNR: 0.0
mod_value: 2.1, TT: 0, h: 2.5, FP: 59, FN: 0, FPR: 0.03277777777777778, FNR: 0.0
mod_value: 2.1, TT: 0, h: 3.0, FP: 47, FN: 0, FPR: 0.026111111111111113, FNR: 0.0
mod_value: 2.1, TT: 0, h: 3.5, FP: 30, FN: 0, FPR: 0.016666666666666666, FNR: 0.0
mod_value: 2.1, TT: 0, h: 4.0, FP: 21, FN: 0, FPR: 0.011666666666666667, FNR: 0.0
mod_value: 2.1, TT: 0, h: 4.5, FP: 18, FN: 0, FPR: 0.01, FNR: 0.0
mod_value: 2.1, TT: 0, h: 5.0, FP: 16, FN: 0, FPR: 0.008888888888888889, FNR: 0.0
mod_value: 2.1, TT: 0, h: 5.5, FP: 12, FN: 0, FPR: 0.006666666666666667, FNR: 0.0
mod_value: 2.1, TT: 0, h: 6.0, FP: 10, FN: 0, FPR: 0.005555555555555556, FNR: 0.0
mod_value: 2.1, TT: 0, h: 6.5, FP: 8, FN: 0, FPR: 0.0044444444444444444, FNR: 0.0
mod_value: 2.1, TT: 0, h: 7.0, FP: 4, FN: 0, FPR: 0.0022222222222222222, FNR: 0.0
mod_value: 2.1, TT: 0, h: 7.5, FP: 3, FN: 0, FPR: 0.0016666666666666668, FNR: 0.0
mod_value: 2.1, TT: 0, h: 8.0, FP: 1, FN: 0, FPR: 0.0005555555555555556, FNR: 0.0


mod_value: 2.2, TT: 0, h: 1.0, FP: 398, FN: 0, FPR: 0.22111111111111112, FNR: 0.0
mod_value: 2.2, TT: 0, h: 1.5, FP: 144, FN: 0, FPR: 0.08, FNR: 0.0
mod_value: 2.2, TT: 0, h: 2.0, FP: 96, FN: 0, FPR: 0.05333333333333334, FNR: 0.0
mod_value: 2.2, TT: 0, h: 2.5, FP: 59, FN: 0, FPR: 0.03277777777777778, FNR: 0.0
mod_value: 2.2, TT: 0, h: 3.0, FP: 47, FN: 0, FPR: 0.026111111111111113, FNR: 0.0
mod_value: 2.2, TT: 0, h: 3.5, FP: 30, FN: 0, FPR: 0.016666666666666666, FNR: 0.0
mod_value: 2.2, TT: 0, h: 4.0, FP: 21, FN: 0, FPR: 0.011666666666666667, FNR: 0.0
mod_value: 2.2, TT: 0, h: 4.5, FP: 18, FN: 0, FPR: 0.01, FNR: 0.0
mod_value: 2.2, TT: 0, h: 5.0, FP: 16, FN: 0, FPR: 0.008888888888888889, FNR: 0.0
mod_value: 2.2, TT: 0, h: 5.5, FP: 12, FN: 0, FPR: 0.006666666666666667, FNR: 0.0
mod_value: 2.2, TT: 0, h: 6.0, FP: 10, FN: 0, FPR: 0.005555555555555556, FNR: 0.0
mod_value: 2.2, TT: 0, h: 6.5, FP: 8, FN: 0, FPR: 0.0044444444444444444, FNR: 0.0
mod_value: 2.2, TT: 0, h: 7.0, FP: 4, FN: 0, FPR: 0.0022222222222222222, FNR: 0.0
mod_value: 2.2, TT: 0, h: 7.5, FP: 3, FN: 0, FPR: 0.0016666666666666668, FNR: 0.0
mod_value: 2.2, TT: 0, h: 8.0, FP: 1, FN: 0, FPR: 0.0005555555555555556, FNR: 0.0


mod_value: 2.3, TT: 0, h: 1.0, FP: 398, FN: 0, FPR: 0.22111111111111112, FNR: 0.0
mod_value: 2.3, TT: 0, h: 1.5, FP: 144, FN: 0, FPR: 0.08, FNR: 0.0
mod_value: 2.3, TT: 0, h: 2.0, FP: 96, FN: 0, FPR: 0.05333333333333334, FNR: 0.0
mod_value: 2.3, TT: 0, h: 2.5, FP: 59, FN: 0, FPR: 0.03277777777777778, FNR: 0.0
mod_value: 2.3, TT: 0, h: 3.0, FP: 47, FN: 0, FPR: 0.026111111111111113, FNR: 0.0
mod_value: 2.3, TT: 0, h: 3.5, FP: 30, FN: 0, FPR: 0.016666666666666666, FNR: 0.0
mod_value: 2.3, TT: 0, h: 4.0, FP: 21, FN: 0, FPR: 0.011666666666666667, FNR: 0.0
mod_value: 2.3, TT: 0, h: 4.5, FP: 18, FN: 0, FPR: 0.01, FNR: 0.0
mod_value: 2.3, TT: 0, h: 5.0, FP: 16, FN: 0, FPR: 0.008888888888888889, FNR: 0.0
mod_value: 2.3, TT: 0, h: 5.5, FP: 12, FN: 0, FPR: 0.006666666666666667, FNR: 0.0
mod_value: 2.3, TT: 0, h: 6.0, FP: 10, FN: 0, FPR: 0.005555555555555556, FNR: 0.0
mod_value: 2.3, TT: 0, h: 6.5, FP: 8, FN: 0, FPR: 0.0044444444444444444, FNR: 0.0
mod_value: 2.3, TT: 0, h: 7.0, FP: 4, FN: 0, FPR: 0.0022222222222222222, FNR: 0.0
mod_value: 2.3, TT: 0, h: 7.5, FP: 3, FN: 0, FPR: 0.0016666666666666668, FNR: 0.0
mod_value: 2.3, TT: 0, h: 8.0, FP: 1, FN: 0, FPR: 0.0005555555555555556, FNR: 0.0


mod_value: 2.4, TT: 0, h: 1.0, FP: 398, FN: 0, FPR: 0.22111111111111112, FNR: 0.0
mod_value: 2.4, TT: 0, h: 1.5, FP: 144, FN: 0, FPR: 0.08, FNR: 0.0
mod_value: 2.4, TT: 0, h: 2.0, FP: 96, FN: 0, FPR: 0.05333333333333334, FNR: 0.0
mod_value: 2.4, TT: 0, h: 2.5, FP: 59, FN: 0, FPR: 0.03277777777777778, FNR: 0.0
mod_value: 2.4, TT: 0, h: 3.0, FP: 47, FN: 0, FPR: 0.026111111111111113, FNR: 0.0
mod_value: 2.4, TT: 0, h: 3.5, FP: 30, FN: 0, FPR: 0.016666666666666666, FNR: 0.0
mod_value: 2.4, TT: 0, h: 4.0, FP: 21, FN: 0, FPR: 0.011666666666666667, FNR: 0.0
mod_value: 2.4, TT: 0, h: 4.5, FP: 18, FN: 0, FPR: 0.01, FNR: 0.0
mod_value: 2.4, TT: 0, h: 5.0, FP: 16, FN: 0, FPR: 0.008888888888888889, FNR: 0.0
mod_value: 2.4, TT: 0, h: 5.5, FP: 12, FN: 0, FPR: 0.006666666666666667, FNR: 0.0
mod_value: 2.4, TT: 0, h: 6.0, FP: 10, FN: 0, FPR: 0.005555555555555556, FNR: 0.0
mod_value: 2.4, TT: 0, h: 6.5, FP: 8, FN: 0, FPR: 0.0044444444444444444, FNR: 0.0
mod_value: 2.4, TT: 0, h: 7.0, FP: 4, FN: 0, FPR: 0.0022222222222222222, FNR: 0.0
mod_value: 2.4, TT: 0, h: 7.5, FP: 3, FN: 0, FPR: 0.0016666666666666668, FNR: 0.0
mod_value: 2.4, TT: 0, h: 8.0, FP: 1, FN: 0, FPR: 0.0005555555555555556, FNR: 0.0


mod_value: 2.5, TT: 0, h: 1.0, FP: 398, FN: 0, FPR: 0.22111111111111112, FNR: 0.0
mod_value: 2.5, TT: 0, h: 1.5, FP: 144, FN: 0, FPR: 0.08, FNR: 0.0
mod_value: 2.5, TT: 0, h: 2.0, FP: 96, FN: 0, FPR: 0.05333333333333334, FNR: 0.0
mod_value: 2.5, TT: 0, h: 2.5, FP: 59, FN: 0, FPR: 0.03277777777777778, FNR: 0.0
mod_value: 2.5, TT: 0, h: 3.0, FP: 47, FN: 0, FPR: 0.026111111111111113, FNR: 0.0
mod_value: 2.5, TT: 0, h: 3.5, FP: 30, FN: 0, FPR: 0.016666666666666666, FNR: 0.0
mod_value: 2.5, TT: 0, h: 4.0, FP: 21, FN: 0, FPR: 0.011666666666666667, FNR: 0.0
mod_value: 2.5, TT: 0, h: 4.5, FP: 18, FN: 0, FPR: 0.01, FNR: 0.0
mod_value: 2.5, TT: 0, h: 5.0, FP: 16, FN: 0, FPR: 0.008888888888888889, FNR: 0.0
mod_value: 2.5, TT: 0, h: 5.5, FP: 12, FN: 0, FPR: 0.006666666666666667, FNR: 0.0
mod_value: 2.5, TT: 0, h: 6.0, FP: 10, FN: 0, FPR: 0.005555555555555556, FNR: 0.0
mod_value: 2.5, TT: 0, h: 6.5, FP: 8, FN: 0, FPR: 0.0044444444444444444, FNR: 0.0
mod_value: 2.5, TT: 0, h: 7.0, FP: 4, FN: 0, FPR: 0.0022222222222222222, FNR: 0.0
mod_value: 2.5, TT: 0, h: 7.5, FP: 3, FN: 0, FPR: 0.0016666666666666668, FNR: 0.0
mod_value: 2.5, TT: 0, h: 8.0, FP: 1, FN: 0, FPR: 0.0005555555555555556, FNR: 0.0


mod_value: 2.6, TT: 0, h: 1.0, FP: 398, FN: 0, FPR: 0.22111111111111112, FNR: 0.0
mod_value: 2.6, TT: 0, h: 1.5, FP: 144, FN: 0, FPR: 0.08, FNR: 0.0
mod_value: 2.6, TT: 0, h: 2.0, FP: 96, FN: 0, FPR: 0.05333333333333334, FNR: 0.0
mod_value: 2.6, TT: 0, h: 2.5, FP: 59, FN: 0, FPR: 0.03277777777777778, FNR: 0.0
mod_value: 2.6, TT: 0, h: 3.0, FP: 47, FN: 0, FPR: 0.026111111111111113, FNR: 0.0
mod_value: 2.6, TT: 0, h: 3.5, FP: 30, FN: 0, FPR: 0.016666666666666666, FNR: 0.0
mod_value: 2.6, TT: 0, h: 4.0, FP: 21, FN: 0, FPR: 0.011666666666666667, FNR: 0.0
mod_value: 2.6, TT: 0, h: 4.5, FP: 18, FN: 0, FPR: 0.01, FNR: 0.0
mod_value: 2.6, TT: 0, h: 5.0, FP: 16, FN: 0, FPR: 0.008888888888888889, FNR: 0.0
mod_value: 2.6, TT: 0, h: 5.5, FP: 12, FN: 0, FPR: 0.006666666666666667, FNR: 0.0
mod_value: 2.6, TT: 0, h: 6.0, FP: 10, FN: 0, FPR: 0.005555555555555556, FNR: 0.0
mod_value: 2.6, TT: 0, h: 6.5, FP: 8, FN: 0, FPR: 0.0044444444444444444, FNR: 0.0
mod_value: 2.6, TT: 0, h: 7.0, FP: 4, FN: 0, FPR: 0.0022222222222222222, FNR: 0.0
mod_value: 2.6, TT: 0, h: 7.5, FP: 3, FN: 0, FPR: 0.0016666666666666668, FNR: 0.0
mod_value: 2.6, TT: 0, h: 8.0, FP: 1, FN: 0, FPR: 0.0005555555555555556, FNR: 0.0


mod_value: 2.7, TT: 0, h: 1.0, FP: 398, FN: 0, FPR: 0.22111111111111112, FNR: 0.0
mod_value: 2.7, TT: 0, h: 1.5, FP: 144, FN: 0, FPR: 0.08, FNR: 0.0
mod_value: 2.7, TT: 0, h: 2.0, FP: 96, FN: 0, FPR: 0.05333333333333334, FNR: 0.0
mod_value: 2.7, TT: 0, h: 2.5, FP: 59, FN: 0, FPR: 0.03277777777777778, FNR: 0.0
mod_value: 2.7, TT: 0, h: 3.0, FP: 47, FN: 0, FPR: 0.026111111111111113, FNR: 0.0
mod_value: 2.7, TT: 0, h: 3.5, FP: 30, FN: 0, FPR: 0.016666666666666666, FNR: 0.0
mod_value: 2.7, TT: 0, h: 4.0, FP: 21, FN: 0, FPR: 0.011666666666666667, FNR: 0.0
mod_value: 2.7, TT: 0, h: 4.5, FP: 18, FN: 0, FPR: 0.01, FNR: 0.0
mod_value: 2.7, TT: 0, h: 5.0, FP: 16, FN: 0, FPR: 0.008888888888888889, FNR: 0.0
mod_value: 2.7, TT: 0, h: 5.5, FP: 12, FN: 0, FPR: 0.006666666666666667, FNR: 0.0
mod_value: 2.7, TT: 0, h: 6.0, FP: 10, FN: 0, FPR: 0.005555555555555556, FNR: 0.0
mod_value: 2.7, TT: 0, h: 6.5, FP: 8, FN: 0, FPR: 0.0044444444444444444, FNR: 0.0
mod_value: 2.7, TT: 0, h: 7.0, FP: 4, FN: 0, FPR: 0.0022222222222222222, FNR: 0.0
mod_value: 2.7, TT: 0, h: 7.5, FP: 3, FN: 0, FPR: 0.0016666666666666668, FNR: 0.0
mod_value: 2.7, TT: 0, h: 8.0, FP: 1, FN: 0, FPR: 0.0005555555555555556, FNR: 0.0


mod_value: 2.8, TT: 0, h: 1.0, FP: 398, FN: 0, FPR: 0.22111111111111112, FNR: 0.0
mod_value: 2.8, TT: 0, h: 1.5, FP: 144, FN: 0, FPR: 0.08, FNR: 0.0
mod_value: 2.8, TT: 0, h: 2.0, FP: 96, FN: 0, FPR: 0.05333333333333334, FNR: 0.0
mod_value: 2.8, TT: 0, h: 2.5, FP: 59, FN: 0, FPR: 0.03277777777777778, FNR: 0.0
mod_value: 2.8, TT: 0, h: 3.0, FP: 47, FN: 0, FPR: 0.026111111111111113, FNR: 0.0
mod_value: 2.8, TT: 0, h: 3.5, FP: 30, FN: 0, FPR: 0.016666666666666666, FNR: 0.0
mod_value: 2.8, TT: 0, h: 4.0, FP: 21, FN: 0, FPR: 0.011666666666666667, FNR: 0.0
mod_value: 2.8, TT: 0, h: 4.5, FP: 18, FN: 0, FPR: 0.01, FNR: 0.0
mod_value: 2.8, TT: 0, h: 5.0, FP: 16, FN: 0, FPR: 0.008888888888888889, FNR: 0.0
mod_value: 2.8, TT: 0, h: 5.5, FP: 12, FN: 0, FPR: 0.006666666666666667, FNR: 0.0
mod_value: 2.8, TT: 0, h: 6.0, FP: 10, FN: 0, FPR: 0.005555555555555556, FNR: 0.0
mod_value: 2.8, TT: 0, h: 6.5, FP: 8, FN: 0, FPR: 0.0044444444444444444, FNR: 0.0
mod_value: 2.8, TT: 0, h: 7.0, FP: 4, FN: 0, FPR: 0.0022222222222222222, FNR: 0.0
mod_value: 2.8, TT: 0, h: 7.5, FP: 3, FN: 0, FPR: 0.0016666666666666668, FNR: 0.0
mod_value: 2.8, TT: 0, h: 8.0, FP: 1, FN: 0, FPR: 0.0005555555555555556, FNR: 0.0


mod_value: 2.9, TT: 0, h: 1.0, FP: 398, FN: 0, FPR: 0.22111111111111112, FNR: 0.0
mod_value: 2.9, TT: 0, h: 1.5, FP: 144, FN: 0, FPR: 0.08, FNR: 0.0
mod_value: 2.9, TT: 0, h: 2.0, FP: 96, FN: 0, FPR: 0.05333333333333334, FNR: 0.0
mod_value: 2.9, TT: 0, h: 2.5, FP: 59, FN: 0, FPR: 0.03277777777777778, FNR: 0.0
mod_value: 2.9, TT: 0, h: 3.0, FP: 47, FN: 0, FPR: 0.026111111111111113, FNR: 0.0
mod_value: 2.9, TT: 0, h: 3.5, FP: 30, FN: 0, FPR: 0.016666666666666666, FNR: 0.0
mod_value: 2.9, TT: 0, h: 4.0, FP: 21, FN: 0, FPR: 0.011666666666666667, FNR: 0.0
mod_value: 2.9, TT: 0, h: 4.5, FP: 18, FN: 0, FPR: 0.01, FNR: 0.0
mod_value: 2.9, TT: 0, h: 5.0, FP: 16, FN: 0, FPR: 0.008888888888888889, FNR: 0.0
mod_value: 2.9, TT: 0, h: 5.5, FP: 12, FN: 0, FPR: 0.006666666666666667, FNR: 0.0
mod_value: 2.9, TT: 0, h: 6.0, FP: 10, FN: 0, FPR: 0.005555555555555556, FNR: 0.0
mod_value: 2.9, TT: 0, h: 6.5, FP: 8, FN: 0, FPR: 0.0044444444444444444, FNR: 0.0
mod_value: 2.9, TT: 0, h: 7.0, FP: 4, FN: 0, FPR: 0.0022222222222222222, FNR: 0.0
mod_value: 2.9, TT: 0, h: 7.5, FP: 3, FN: 0, FPR: 0.0016666666666666668, FNR: 0.0
mod_value: 2.9, TT: 0, h: 8.0, FP: 1, FN: 0, FPR: 0.0005555555555555556, FNR: 0.0


